{"name": "test_enterDataInForm", "status": "failed", "statusDetails": {"message": "AssertionError", "trace": "self = <pages.FormPage.FormPage object at 0x7ff74039aa60>\nlocatorValue = 'emai', locatorType = 'id'\n\n    def waitForElement(self, locatorValue, locatorType=\"id\"):\n        element = None\n        try:\n            locatorType = locatorType.lower()\n            locatorByType = self.getLocatorType(locatorType)\n            wait = WebDriverWait(self.driver, 25, 1, ignored_exceptions=[ElementNotVisibleException, NoSuchElementException])\n>           element = wait.until(EC.presence_of_element_located((locatorByType, locatorValue)))\n\n../base/BasePage.py:86: \n_ _ _ _ _ _ _ _ _ _ _ _ _ _ _ _ _ _ _ _ _ _ _ _ _ _ _ _ _ _ _ _ _ _ _ _ _ _ _ _\n\nself = <selenium.webdriver.support.wait.WebDriverWait (session=\"568357dbd256888bd027f85272f9455e\")>\nmethod = <function presence_of_element_located.<locals>._predicate at 0x7ff720d4aa60>\nmessage = ''\n\n    def until(self, method: Callable[[D], Union[Literal[False], T]], message: str = \"\") -> T:\n        \"\"\"Calls the method provided with the driver as an argument until the \\\n        return value does not evaluate to ``False``.\n    \n        :param method: callable(WebDriver)\n        :param message: optional message for :exc:`TimeoutException`\n        :returns: the result of the last call to `method`\n        :raises: :exc:`selenium.common.exceptions.TimeoutException` if timeout occurs\n        \"\"\"\n        screen = None\n        stacktrace = None\n    \n        end_time = time.monotonic() + self._timeout\n        while True:\n            try:\n                value = method(self._driver)\n                if value:\n                    return value\n            except self._ignored_exceptions as exc:\n                screen = getattr(exc, \"screen\", None)\n                stacktrace = getattr(exc, \"stacktrace\", None)\n            time.sleep(self._poll)\n            if time.monotonic() > end_time:\n                break\n>       raise TimeoutException(message, screen, stacktrace)\nE       selenium.common.exceptions.TimeoutException: Message: \nE       Stacktrace:\nE       0   chromedriver                        0x0000000102d110b8 cxxbridge1$str$ptr + 1887276\nE       1   chromedriver                        0x0000000102d09794 cxxbridge1$str$ptr + 1856264\nE       2   chromedriver                        0x000000010291882c cxxbridge1$string$len + 88524\nE       3   chromedriver                        0x000000010295c834 cxxbridge1$string$len + 367060\nE       4   chromedriver                        0x000000010299448c cxxbridge1$string$len + 595500\nE       5   chromedriver                        0x0000000102951474 cxxbridge1$string$len + 321044\nE       6   chromedriver                        0x00000001029520e4 cxxbridge1$string$len + 324228\nE       7   chromedriver                        0x0000000102cd8a9c cxxbridge1$str$ptr + 1656336\nE       8   chromedriver                        0x0000000102cdd4f8 cxxbridge1$str$ptr + 1675372\nE       9   chromedriver                        0x0000000102cbe980 cxxbridge1$str$ptr + 1549556\nE       10  chromedriver                        0x0000000102cddca8 cxxbridge1$str$ptr + 1677340\nE       11  chromedriver                        0x0000000102cb0690 cxxbridge1$str$ptr + 1491460\nE       12  chromedriver                        0x0000000102cfaaf0 cxxbridge1$str$ptr + 1795684\nE       13  chromedriver                        0x0000000102cfac6c cxxbridge1$str$ptr + 1796064\nE       14  chromedriver                        0x0000000102d093c8 cxxbridge1$str$ptr + 1855292\nE       15  libsystem_pthread.dylib             0x000000018d909f94 _pthread_start + 136\nE       16  libsystem_pthread.dylib             0x000000018d904d34 thread_start + 8\n\n../venv/lib/python3.9/site-packages/selenium/webdriver/support/wait.py:105: TimeoutException\n\nDuring handling of the above exception, another exception occurred:\n\nself = <pages.FormPage.FormPage object at 0x7ff74039aa60>\ntext = 'admin@gmail.com', locatorValue = 'emai', locatorType = 'id'\n\n    def sendText(self,text, locatorValue, locatorType=\"id\"):\n        try:\n            locatorType = locatorType.lower()\n>           element = self.waitForElement(locatorValue, locatorType)\n\n../base/BasePage.py:126: \n_ _ _ _ _ _ _ _ _ _ _ _ _ _ _ _ _ _ _ _ _ _ _ _ _ _ _ _ _ _ _ _ _ _ _ _ _ _ _ _\n\nself = <pages.FormPage.FormPage object at 0x7ff74039aa60>\nlocatorValue = 'emai', locatorType = 'id'\n\n    def waitForElement(self, locatorValue, locatorType=\"id\"):\n        element = None\n        try:\n            locatorType = locatorType.lower()\n            locatorByType = self.getLocatorType(locatorType)\n            wait = WebDriverWait(self.driver, 25, 1, ignored_exceptions=[ElementNotVisibleException, NoSuchElementException])\n            element = wait.until(EC.presence_of_element_located((locatorByType, locatorValue)))\n            self.log.info(f\"WebElement found with locatorValue: {locatorValue} and locatorType: {locatorType}\")\n        except:\n            self.log.error(f\"WebElement not found with locatorValue: {locatorValue} and locatorType: {locatorType}\")\n            print_stack()\n            self.takeScreenShot(locatorType)\n>           assert False\nE           AssertionError\n\n../base/BasePage.py:92: AssertionError\n\nDuring handling of the above exception, another exception occurred:\n\nself = <Selenium_Framework.tests.test_form_page.TestFormPage testMethod=test_enterDataInForm>\n\n    @pytest.mark.run(order=2)\n    def test_enterDataInForm(self):\n        time.sleep(5)\n        self.fp.enterName()\n>       self.fp.enterEmail()\n\ntest_form_page.py:20: \n_ _ _ _ _ _ _ _ _ _ _ _ _ _ _ _ _ _ _ _ _ _ _ _ _ _ _ _ _ _ _ _ _ _ _ _ _ _ _ _\n../pages/FormPage.py:36: in enterEmail\n    self.sendText(\"admin@gmail.com\", self._enterEmail, \"id\")\n_ _ _ _ _ _ _ _ _ _ _ _ _ _ _ _ _ _ _ _ _ _ _ _ _ _ _ _ _ _ _ _ _ _ _ _ _ _ _ _\n\nself = <pages.FormPage.FormPage object at 0x7ff74039aa60>\ntext = 'admin@gmail.com', locatorValue = 'emai', locatorType = 'id'\n\n    def sendText(self,text, locatorValue, locatorType=\"id\"):\n        try:\n            locatorType = locatorType.lower()\n            element = self.waitForElement(locatorValue, locatorType)\n            element.send_keys(text)\n            self.log.info(f\"Sent the text: {text} on WebElement with locatorValue: {locatorValue} and locatorType: {locatorType}\")\n        except:\n            self.log.error(f\"Unable to send the text: {text} on WebElement with locatorValue: {locatorValue} and locatorType: {locatorType}\")\n            self.takeScreenShot(locatorType)\n            print_stack()\n>           assert False\nE           AssertionError\n\n../base/BasePage.py:133: AssertionError"}, "steps": [{"name": "Entered Name", "status": "passed", "start": 1723338363332, "stop": 1723338363332}], "attachments": [{"name": "id", "source": "5715d2b5-34fc-42f4-b7e9-46d8e625ecf5-attachment.png", "type": "image/png"}, {"name": "id", "source": "46ea405e-5352-4c78-a36f-505e93e4334c-attachment.png", "type": "image/png"}, {"name": "log", "source": "a93e08b4-aa05-4f08-b727-b79f3b6d4015-attachment.txt", "type": "text/plain"}], "start": 1723338357722, "stop": 1723338393582, "uuid": "9a73af76-2ecc-420d-bf1e-a1e32ba08497", "historyId": "0d091df52798e3d1a21f51c61e97682e", "testCaseId": "0d091df52798e3d1a21f51c61e97682e", "fullName": "test_form_page.TestFormPage#test_enterDataInForm", "labels": [{"name": "tag", "value": "run(order=2)"}, {"name": "tag", "value": "@pytest.mark.usefixtures('setUpClass', 'setUpMethod')"}, {"name": "suite", "value": "test_form_page"}, {"name": "subSuite", "value": "TestFormPage"}, {"name": "host", "value": "Nikhils-Air.knology.net"}, {"name": "thread", "value": "35348-MainThread"}, {"name": "framework", "value": "pytest"}, {"name": "language", "value": "cpython3"}, {"name": "package", "value": "test_form_page"}]}