{"name": "test_enterDataInForm", "status": "failed", "statusDetails": {"message": "AssertionError", "trace": "self = <pages.FormPage.FormPage object at 0x7fdfc0ba2dc0>, text = 'admin@gmail.com', locatorValue = 'emai', locatorType = 'id'\n\n    def sendText(self,text, locatorValue, locatorType=\"id\"):\n        try:\n            locatorType = locatorType.lower()\n            element = self.waitForElement(locatorValue, locatorType)\n>           element.send_keys(text)\nE           AttributeError: 'NoneType' object has no attribute 'send_keys'\n\n../base/BasePage.py:116: AttributeError\n\nDuring handling of the above exception, another exception occurred:\n\nself = <Selenium_Framework.tests.test_form_page.FormPageTest testMethod=test_enterDataInForm>\n\n    @pytest.mark.run(order=2)\n    def test_enterDataInForm(self):\n        time.sleep(5)\n        self.fp.enterName()\n>       self.fp.enterEmail()\n\ntest_form_page.py:20: \n_ _ _ _ _ _ _ _ _ _ _ _ _ _ _ _ _ _ _ _ _ _ _ _ _ _ _ _ _ _ _ _ _ _ _ _ _ _ _ _ _ _ _ _ _ _ _ _ _ _ _ _ _ _ _ _ _ _ _ _ _ _ _ _ _ _ _ _ _ _ _ _ _ _ _ _\n../pages/FormPage.py:36: in enterEmail\n    self.sendText(\"admin@gmail.com\", self._enterEmail, \"id\")\n_ _ _ _ _ _ _ _ _ _ _ _ _ _ _ _ _ _ _ _ _ _ _ _ _ _ _ _ _ _ _ _ _ _ _ _ _ _ _ _ _ _ _ _ _ _ _ _ _ _ _ _ _ _ _ _ _ _ _ _ _ _ _ _ _ _ _ _ _ _ _ _ _ _ _ _\n\nself = <pages.FormPage.FormPage object at 0x7fdfc0ba2dc0>, text = 'admin@gmail.com', locatorValue = 'emai', locatorType = 'id'\n\n    def sendText(self,text, locatorValue, locatorType=\"id\"):\n        try:\n            locatorType = locatorType.lower()\n            element = self.waitForElement(locatorValue, locatorType)\n            element.send_keys(text)\n            self.log.info(f\"Sent the text: {text} on WebElement with locatorValue: {locatorValue} and locatorType: {locatorType}\")\n        except:\n            self.log.error(f\"Unable to send the text: {text} on WebElement with locatorValue: {locatorValue} and locatorType: {locatorType}\")\n            self.takeScreenShot(locatorType)\n            print_stack()\n>           assert False\nE           AssertionError\n\n../base/BasePage.py:122: AssertionError"}, "steps": [{"name": "Entered Name", "status": "passed", "start": 1723335285663, "stop": 1723335285663}], "attachments": [{"name": "id", "source": "eb837afd-c668-4233-a1bd-a5362ace5ad9-attachment.png", "type": "image/png"}, {"name": "log", "source": "fc8c85d3-681b-445d-8dd5-79a33a4b784e-attachment.txt", "type": "text/plain"}], "start": 1723335279878, "stop": 1723335311554, "uuid": "e4f40ba0-5a2f-4df9-825e-59888526d902", "historyId": "61cfe26ef7f5eb8e0b105774abb672c9", "testCaseId": "61cfe26ef7f5eb8e0b105774abb672c9", "fullName": "test_form_page.FormPageTest#test_enterDataInForm", "labels": [{"name": "tag", "value": "run(order=2)"}, {"name": "tag", "value": "@pytest.mark.usefixtures('setUpClass', 'setUpMethod')"}, {"name": "suite", "value": "test_form_page"}, {"name": "subSuite", "value": "FormPageTest"}, {"name": "host", "value": "Nikhils-Air.knology.net"}, {"name": "thread", "value": "11948-MainThread"}, {"name": "framework", "value": "pytest"}, {"name": "language", "value": "cpython3"}, {"name": "package", "value": "test_form_page"}]}