{"name": "test_enterFormDetails", "status": "failed", "statusDetails": {"message": "AssertionError", "trace": "self = <pages.LocatorsPage.LocatorsPage object at 0x7f9148738bb0>\nlocatorValue = 'submitButton', locatorType = 'id'\n\n    def waitForElement(self, locatorValue, locatorType=\"id\"):\n        element = None\n        try:\n            locatorType = locatorType.lower()\n            locatorByType = self.getLocatorType(locatorType)\n            wait = WebDriverWait(self.driver, 25, 1, ignored_exceptions=[ElementNotVisibleException, NoSuchElementException])\n>           element = wait.until(EC.presence_of_element_located((locatorByType, locatorValue)))\n\n../base/BasePage.py:86: \n_ _ _ _ _ _ _ _ _ _ _ _ _ _ _ _ _ _ _ _ _ _ _ _ _ _ _ _ _ _ _ _ _ _ _ _ _ _ _ _\n\nself = <selenium.webdriver.support.wait.WebDriverWait (session=\"27cb6802e6466f502d1d83847872e715\")>\nmethod = <function presence_of_element_located.<locals>._predicate at 0x7f9148761af0>\nmessage = ''\n\n    def until(self, method: Callable[[D], Union[Literal[False], T]], message: str = \"\") -> T:\n        \"\"\"Calls the method provided with the driver as an argument until the \\\n        return value does not evaluate to ``False``.\n    \n        :param method: callable(WebDriver)\n        :param message: optional message for :exc:`TimeoutException`\n        :returns: the result of the last call to `method`\n        :raises: :exc:`selenium.common.exceptions.TimeoutException` if timeout occurs\n        \"\"\"\n        screen = None\n        stacktrace = None\n    \n        end_time = time.monotonic() + self._timeout\n        while True:\n            try:\n                value = method(self._driver)\n                if value:\n                    return value\n            except self._ignored_exceptions as exc:\n                screen = getattr(exc, \"screen\", None)\n                stacktrace = getattr(exc, \"stacktrace\", None)\n            time.sleep(self._poll)\n            if time.monotonic() > end_time:\n                break\n>       raise TimeoutException(message, screen, stacktrace)\nE       selenium.common.exceptions.TimeoutException: Message: \nE       Stacktrace:\nE       0   chromedriver                        0x0000000104b650b8 cxxbridge1$str$ptr + 1887276\nE       1   chromedriver                        0x0000000104b5d794 cxxbridge1$str$ptr + 1856264\nE       2   chromedriver                        0x000000010476c82c cxxbridge1$string$len + 88524\nE       3   chromedriver                        0x00000001047b0834 cxxbridge1$string$len + 367060\nE       4   chromedriver                        0x00000001047e848c cxxbridge1$string$len + 595500\nE       5   chromedriver                        0x00000001047a5474 cxxbridge1$string$len + 321044\nE       6   chromedriver                        0x00000001047a60e4 cxxbridge1$string$len + 324228\nE       7   chromedriver                        0x0000000104b2ca9c cxxbridge1$str$ptr + 1656336\nE       8   chromedriver                        0x0000000104b314f8 cxxbridge1$str$ptr + 1675372\nE       9   chromedriver                        0x0000000104b12980 cxxbridge1$str$ptr + 1549556\nE       10  chromedriver                        0x0000000104b31ca8 cxxbridge1$str$ptr + 1677340\nE       11  chromedriver                        0x0000000104b04690 cxxbridge1$str$ptr + 1491460\nE       12  chromedriver                        0x0000000104b4eaf0 cxxbridge1$str$ptr + 1795684\nE       13  chromedriver                        0x0000000104b4ec6c cxxbridge1$str$ptr + 1796064\nE       14  chromedriver                        0x0000000104b5d3c8 cxxbridge1$str$ptr + 1855292\nE       15  libsystem_pthread.dylib             0x000000018d909f94 _pthread_start + 136\nE       16  libsystem_pthread.dylib             0x000000018d904d34 thread_start + 8\n\n../venv/lib/python3.9/site-packages/selenium/webdriver/support/wait.py:105: TimeoutException\n\nDuring handling of the above exception, another exception occurred:\n\nself = <pages.LocatorsPage.LocatorsPage object at 0x7f9148738bb0>\nlocatorValue = 'submitButton', locatorType = 'id'\n\n    def clickElement(self, locatorValue, locatorType=\"id\"):\n        try:\n            locatorType = locatorType.lower()\n>           element = self.waitForElement(locatorValue, locatorType)\n\n../base/BasePage.py:113: \n_ _ _ _ _ _ _ _ _ _ _ _ _ _ _ _ _ _ _ _ _ _ _ _ _ _ _ _ _ _ _ _ _ _ _ _ _ _ _ _\n\nself = <pages.LocatorsPage.LocatorsPage object at 0x7f9148738bb0>\nlocatorValue = 'submitButton', locatorType = 'id'\n\n    def waitForElement(self, locatorValue, locatorType=\"id\"):\n        element = None\n        try:\n            locatorType = locatorType.lower()\n            locatorByType = self.getLocatorType(locatorType)\n            wait = WebDriverWait(self.driver, 25, 1, ignored_exceptions=[ElementNotVisibleException, NoSuchElementException])\n            element = wait.until(EC.presence_of_element_located((locatorByType, locatorValue)))\n            self.log.info(f\"WebElement found with locatorValue: {locatorValue} and locatorType: {locatorType}\")\n        except:\n            self.log.error(f\"WebElement not found with locatorValue: {locatorValue} and locatorType: {locatorType}\")\n            print_stack()\n            self.takeScreenShot(locatorType)\n>           assert False\nE           AssertionError\n\n../base/BasePage.py:92: AssertionError\n\nDuring handling of the above exception, another exception occurred:\n\nself = <Selenium_Framework.tests.test_locators_page.FormPageTest testMethod=test_enterFormDetails>\n\n    def test_enterFormDetails(self):\n        self.lp.enterText()\n        self.lp.clickRadioButton()\n        self.lp.clickChekBox()\n        self.lp.clickMultiSelect()\n>       self.lp.clickSubmitButton()\n\ntest_locators_page.py:21: \n_ _ _ _ _ _ _ _ _ _ _ _ _ _ _ _ _ _ _ _ _ _ _ _ _ _ _ _ _ _ _ _ _ _ _ _ _ _ _ _\n../pages/LocatorsPage.py:57: in clickSubmitButton\n    self.clickElement(self._submitBtn, \"id\")\n_ _ _ _ _ _ _ _ _ _ _ _ _ _ _ _ _ _ _ _ _ _ _ _ _ _ _ _ _ _ _ _ _ _ _ _ _ _ _ _\n\nself = <pages.LocatorsPage.LocatorsPage object at 0x7f9148738bb0>\nlocatorValue = 'submitButton', locatorType = 'id'\n\n    def clickElement(self, locatorValue, locatorType=\"id\"):\n        try:\n            locatorType = locatorType.lower()\n            element = self.waitForElement(locatorValue, locatorType)\n            element.click()\n            self.log.info(f\"Clicked on WebElement with locatorValue: {locatorValue} and locatorType: {locatorType}\")\n        except:\n            self.log.error(f\"Unable to clikc on WebElement with locatorValue: {locatorValue} and locatorType: {locatorType}\")\n            print_stack()\n            self.takeScreenShot(locatorType)\n>           assert False\nE           AssertionError\n\n../base/BasePage.py:120: AssertionError"}, "steps": [{"name": "Entered Text", "status": "passed", "start": 1723337466571, "stop": 1723337466571}], "attachments": [{"name": "id", "source": "eaea6f42-2a42-4bff-8e28-58f4e6f4ba56-attachment.png", "type": "image/png"}, {"name": "id", "source": "1d0d4b36-d4a7-4d83-a9b7-0efa096c1571-attachment.png", "type": "image/png"}, {"name": "log", "source": "3c74ad21-b01e-4414-8c5a-963465082096-attachment.txt", "type": "text/plain"}], "start": 1723337465660, "stop": 1723337493308, "uuid": "8f1a1861-bac2-49e8-b4f6-47ef03b53876", "historyId": "be675069df3a3c32fdd5f3ceca274894", "testCaseId": "be675069df3a3c32fdd5f3ceca274894", "fullName": "test_locators_page.FormPageTest#test_enterFormDetails", "labels": [{"name": "tag", "value": "@pytest.mark.usefixtures('setUpClass', 'setUpMethod')"}, {"name": "suite", "value": "test_locators_page"}, {"name": "subSuite", "value": "FormPageTest"}, {"name": "host", "value": "Nikhils-Air.knology.net"}, {"name": "thread", "value": "28232-MainThread"}, {"name": "framework", "value": "pytest"}, {"name": "language", "value": "cpython3"}, {"name": "package", "value": "test_locators_page"}]}